2017-11-02 21:57:59.227 DEBUG [main][Main.java:12] - true
2017-11-02 22:00:18.387 DEBUG [main][Main.java:15] - true
2017-11-02 22:00:18.393 DEBUG [main][Main.java:16] - 1
2017-11-02 22:01:18.613 DEBUG [main][Main.java:15] - true
2017-11-02 22:01:18.623 DEBUG [main][Main.java:16] - java.util.function.Predicate$$Lambda$81/795242171@19976a65
2017-11-02 22:01:18.624 DEBUG [main][Main.java:17] - 1
2017-11-02 22:02:06.390 DEBUG [main][Main.java:15] - true
2017-11-02 22:02:06.399 DEBUG [main][Main.java:16] - true
2017-11-02 22:02:06.401 DEBUG [main][Main.java:17] - false
2017-11-02 22:02:06.402 DEBUG [main][Main.java:19] - 1
2017-11-02 22:03:21.731 DEBUG [main][Main.java:16] - true
2017-11-02 22:03:21.738 DEBUG [main][Main.java:17] - true
2017-11-02 22:03:21.740 DEBUG [main][Main.java:18] - false
2017-11-02 22:03:21.740 DEBUG [main][Main.java:19] - 1
2017-11-02 22:04:30.349 DEBUG [main][Main.java:17] - true
2017-11-02 22:04:30.357 DEBUG [main][Main.java:18] - true
2017-11-02 22:04:30.359 DEBUG [main][Main.java:19] - false
2017-11-02 22:04:30.359 DEBUG [main][Main.java:20] - true
2017-11-02 22:04:30.360 DEBUG [main][Main.java:22] - 1
2017-11-02 22:04:50.666 DEBUG [main][Main.java:17] - true
2017-11-02 22:04:50.674 DEBUG [main][Main.java:18] - true
2017-11-02 22:04:50.675 DEBUG [main][Main.java:19] - false
2017-11-02 22:04:50.676 DEBUG [main][Main.java:20] - false
2017-11-02 22:04:50.677 DEBUG [main][Main.java:21] - 1
2017-11-02 22:10:48.171 DEBUG [main][Main.java:19] - true
2017-11-02 22:10:48.178 DEBUG [main][Main.java:20] - true
2017-11-02 22:10:48.180 DEBUG [main][Main.java:21] - false
2017-11-02 22:10:48.181 DEBUG [main][Main.java:22] - true
2017-11-02 22:10:48.182 DEBUG [main][Main.java:23] - 1
2017-11-02 22:11:02.968 DEBUG [main][Main.java:19] - true
2017-11-02 22:11:02.976 DEBUG [main][Main.java:20] - true
2017-11-02 22:11:02.977 DEBUG [main][Main.java:21] - false
2017-11-02 22:11:02.978 DEBUG [main][Main.java:22] - true
2017-11-02 22:11:02.979 DEBUG [main][Main.java:23] - 1
2017-11-02 22:13:02.522 DEBUG [main][Main.java:20] - true
2017-11-02 22:13:02.529 DEBUG [main][Main.java:21] - true
2017-11-02 22:13:02.531 DEBUG [main][Main.java:22] - false
2017-11-02 22:13:02.531 DEBUG [main][Main.java:23] - true
2017-11-02 22:13:02.533 DEBUG [main][Main.java:24] - 1
2017-11-02 22:13:16.712 DEBUG [main][Main.java:20] - true
2017-11-02 22:13:16.719 DEBUG [main][Main.java:21] - true
2017-11-02 22:13:16.720 DEBUG [main][Main.java:22] - false
2017-11-02 22:13:16.721 DEBUG [main][Main.java:23] - true
2017-11-02 22:13:16.722 DEBUG [main][Main.java:24] - 1
2017-11-02 22:16:37.319 DEBUG [main][Main.java:21] - true
2017-11-02 22:16:37.327 DEBUG [main][Main.java:22] - true
2017-11-02 22:16:37.328 DEBUG [main][Main.java:23] - false
2017-11-02 22:16:37.329 DEBUG [main][Main.java:24] - true
2017-11-02 22:16:37.330 DEBUG [main][Main.java:25] - 1
2017-11-02 22:16:37.336 DEBUG [main][MLogger.java:15] - 9
2017-11-02 22:16:37.337 DEBUG [main][MLogger.java:15] - 5
2017-11-02 22:16:37.339 DEBUG [main][MLogger.java:15] - 2
2017-11-02 22:16:37.339 DEBUG [main][MLogger.java:15] - 1
2017-11-02 22:16:37.340 DEBUG [main][MLogger.java:15] - 0
2017-11-02 22:20:06.299 DEBUG [main][Main.java:21] - true
2017-11-02 22:20:06.307 DEBUG [main][Main.java:22] - true
2017-11-02 22:20:06.308 DEBUG [main][Main.java:23] - false
2017-11-02 22:20:06.309 DEBUG [main][Main.java:24] - true
2017-11-02 22:20:06.310 DEBUG [main][Main.java:25] - 1
2017-11-02 23:01:34.196 DEBUG [main][Main.java:20] - true
2017-11-02 23:01:34.204 DEBUG [main][Main.java:21] - true
2017-11-02 23:01:34.206 DEBUG [main][Main.java:22] - false
2017-11-02 23:01:34.207 DEBUG [main][Main.java:23] - true
2017-11-02 23:01:34.207 DEBUG [main][Main.java:24] - 1
